total 28
lrwxrwxrwx.   1 root root    7 Oct 13 15:24 bin -> usr/bin
dr-xr-xr-x.   5 root root 4096 Oct 13 16:43 boot
drwxr-xr-x.  19 root root 3440 Oct 25 15:43 dev
drwxr-xr-x. 144 root root 8192 Nov 19 02:53 etc
drwxr-xr-x.   5 root root   39 Oct 17 13:35 home
lrwxrwxrwx.   1 root root    7 Oct 13 15:24 lib -> usr/lib
lrwxrwxrwx.   1 root root    9 Oct 13 15:24 lib64 -> usr/lib64
drwxr-xr-x.   2 root root    6 Apr 11  2018 media
drwxr-xr-x.   2 root root    6 Apr 11  2018 mnt
drwxr-xr-x.   3 root root   16 Oct 13 15:31 opt
dr-xr-xr-x. 546 root root    0 Oct 13 23:29 proc
drwxr-xr-x.   8 root root  152 Aug  7  2021 RAID1_6T
drwxr-xr-x.  17 root root  322 Oct 17 13:26 RAID5_32T
dr-xr-x---.  17 root root 4096 Dec  1 14:46 root
drwxr-xr-x.  42 root root 1260 Dec 14 06:31 run
lrwxrwxrwx.   1 root root    8 Oct 13 15:24 sbin -> usr/sbin
drwxr-xr-x.   2 root root    6 Apr 11  2018 srv
dr-xr-xr-x.  13 root root    0 Oct 13 23:29 sys
drwxrwxrwt.  15 root root 4096 Dec 15 06:15 tmp
drwxr-xr-x.  13 root root  155 Oct 13 15:24 usr
drwxr-xr-x.  21 root root 4096 Oct 13 15:41 var
